<?xml version="1.0" encoding="UTF-8"?>
<testsuite name="com.bootcamp.cicddemo.CiCdDemoApplicationTests" tests="1" skipped="0" failures="0" errors="0" timestamp="2021-12-03T04:52:51" hostname="Monishas-MacBook-Pro.local" time="0.222">
  <properties/>
  <testcase name="contextLoads()" classname="com.bootcamp.cicddemo.CiCdDemoApplicationTests" time="0.222"/>
  <system-out><![CDATA[10:22:49.390 [Test worker] DEBUG org.springframework.test.context.BootstrapUtils - Instantiating CacheAwareContextLoaderDelegate from class [org.springframework.test.context.cache.DefaultCacheAwareContextLoaderDelegate]
10:22:49.402 [Test worker] DEBUG org.springframework.test.context.BootstrapUtils - Instantiating BootstrapContext using constructor [public org.springframework.test.context.support.DefaultBootstrapContext(java.lang.Class,org.springframework.test.context.CacheAwareContextLoaderDelegate)]
10:22:49.436 [Test worker] DEBUG org.springframework.test.context.BootstrapUtils - Instantiating TestContextBootstrapper for test class [com.bootcamp.cicddemo.CiCdDemoApplicationTests] from class [org.springframework.boot.test.context.SpringBootTestContextBootstrapper]
10:22:49.446 [Test worker] INFO org.springframework.boot.test.context.SpringBootTestContextBootstrapper - Neither @ContextConfiguration nor @ContextHierarchy found for test class [com.bootcamp.cicddemo.CiCdDemoApplicationTests], using SpringBootContextLoader
10:22:49.449 [Test worker] DEBUG org.springframework.test.context.support.AbstractContextLoader - Did not detect default resource location for test class [com.bootcamp.cicddemo.CiCdDemoApplicationTests]: class path resource [com/bootcamp/cicddemo/CiCdDemoApplicationTests-context.xml] does not exist
10:22:49.450 [Test worker] DEBUG org.springframework.test.context.support.AbstractContextLoader - Did not detect default resource location for test class [com.bootcamp.cicddemo.CiCdDemoApplicationTests]: class path resource [com/bootcamp/cicddemo/CiCdDemoApplicationTestsContext.groovy] does not exist
10:22:49.450 [Test worker] INFO org.springframework.test.context.support.AbstractContextLoader - Could not detect default resource locations for test class [com.bootcamp.cicddemo.CiCdDemoApplicationTests]: no resource found for suffixes {-context.xml, Context.groovy}.
10:22:49.451 [Test worker] INFO org.springframework.test.context.support.AnnotationConfigContextLoaderUtils - Could not detect default configuration classes for test class [com.bootcamp.cicddemo.CiCdDemoApplicationTests]: CiCdDemoApplicationTests does not declare any static, non-private, non-final, nested classes annotated with @Configuration.
10:22:49.491 [Test worker] DEBUG org.springframework.test.context.support.ActiveProfilesUtils - Could not find an 'annotation declaring class' for annotation type [org.springframework.test.context.ActiveProfiles] and class [com.bootcamp.cicddemo.CiCdDemoApplicationTests]
10:22:49.552 [Test worker] DEBUG org.springframework.context.annotation.ClassPathScanningCandidateComponentProvider - Identified candidate component class: file [/Users/monisha.rajan/Projects/CircleCIDemo/ci-cd-demo/build/classes/java/main/com/bootcamp/cicddemo/CiCdDemoApplication.class]
10:22:49.553 [Test worker] INFO org.springframework.boot.test.context.SpringBootTestContextBootstrapper - Found @SpringBootConfiguration com.bootcamp.cicddemo.CiCdDemoApplication for test class com.bootcamp.cicddemo.CiCdDemoApplicationTests
10:22:49.648 [Test worker] DEBUG org.springframework.boot.test.context.SpringBootTestContextBootstrapper - @TestExecutionListeners is not present for class [com.bootcamp.cicddemo.CiCdDemoApplicationTests]: using defaults.
10:22:49.648 [Test worker] INFO org.springframework.boot.test.context.SpringBootTestContextBootstrapper - Loaded default TestExecutionListener class names from location [META-INF/spring.factories]: [org.springframework.boot.test.autoconfigure.restdocs.RestDocsTestExecutionListener, org.springframework.boot.test.autoconfigure.web.client.MockRestServiceServerResetTestExecutionListener, org.springframework.boot.test.autoconfigure.web.servlet.MockMvcPrintOnlyOnFailureTestExecutionListener, org.springframework.boot.test.autoconfigure.web.servlet.WebDriverTestExecutionListener, org.springframework.boot.test.autoconfigure.webservices.client.MockWebServiceServerTestExecutionListener, org.springframework.boot.test.mock.mockito.MockitoTestExecutionListener, org.springframework.boot.test.mock.mockito.ResetMocksTestExecutionListener, org.springframework.test.context.web.ServletTestExecutionListener, org.springframework.test.context.support.DirtiesContextBeforeModesTestExecutionListener, org.springframework.test.context.event.ApplicationEventsTestExecutionListener, org.springframework.test.context.support.DependencyInjectionTestExecutionListener, org.springframework.test.context.support.DirtiesContextTestExecutionListener, org.springframework.test.context.transaction.TransactionalTestExecutionListener, org.springframework.test.context.jdbc.SqlScriptsTestExecutionListener, org.springframework.test.context.event.EventPublishingTestExecutionListener]
10:22:49.658 [Test worker] DEBUG org.springframework.boot.test.context.SpringBootTestContextBootstrapper - Skipping candidate TestExecutionListener [org.springframework.test.context.transaction.TransactionalTestExecutionListener] due to a missing dependency. Specify custom listener classes or make the default listener classes and their required dependencies available. Offending class: [org/springframework/transaction/TransactionDefinition]
10:22:49.658 [Test worker] DEBUG org.springframework.boot.test.context.SpringBootTestContextBootstrapper - Skipping candidate TestExecutionListener [org.springframework.test.context.jdbc.SqlScriptsTestExecutionListener] due to a missing dependency. Specify custom listener classes or make the default listener classes and their required dependencies available. Offending class: [org/springframework/transaction/interceptor/TransactionAttribute]
10:22:49.659 [Test worker] INFO org.springframework.boot.test.context.SpringBootTestContextBootstrapper - Using TestExecutionListeners: [org.springframework.test.context.web.ServletTestExecutionListener@2abd40e2, org.springframework.test.context.support.DirtiesContextBeforeModesTestExecutionListener@21da2f3e, org.springframework.test.context.event.ApplicationEventsTestExecutionListener@72d7ece2, org.springframework.boot.test.mock.mockito.MockitoTestExecutionListener@2786f4b9, org.springframework.boot.test.autoconfigure.SpringBootDependencyInjectionTestExecutionListener@677c1afb, org.springframework.test.context.support.DirtiesContextTestExecutionListener@172f6af5, org.springframework.test.context.event.EventPublishingTestExecutionListener@5a52340e, org.springframework.boot.test.autoconfigure.restdocs.RestDocsTestExecutionListener@4a6120c1, org.springframework.boot.test.autoconfigure.web.client.MockRestServiceServerResetTestExecutionListener@4d4d40b4, org.springframework.boot.test.autoconfigure.web.servlet.MockMvcPrintOnlyOnFailureTestExecutionListener@21d9e32a, org.springframework.boot.test.autoconfigure.web.servlet.WebDriverTestExecutionListener@6ae0515b, org.springframework.boot.test.autoconfigure.webservices.client.MockWebServiceServerTestExecutionListener@29c403ee, org.springframework.boot.test.mock.mockito.ResetMocksTestExecutionListener@e2bbe82]
10:22:49.662 [Test worker] DEBUG org.springframework.test.context.support.AbstractDirtiesContextTestExecutionListener - Before test class: context [DefaultTestContext@649f93cc testClass = CiCdDemoApplicationTests, testInstance = [null], testMethod = [null], testException = [null], mergedContextConfiguration = [WebMergedContextConfiguration@7b8aa8b8 testClass = CiCdDemoApplicationTests, locations = '{}', classes = '{class com.bootcamp.cicddemo.CiCdDemoApplication}', contextInitializerClasses = '[]', activeProfiles = '{}', propertySourceLocations = '{}', propertySourceProperties = '{org.springframework.boot.test.context.SpringBootTestContextBootstrapper=true}', contextCustomizers = set[org.springframework.boot.test.autoconfigure.actuate.metrics.MetricsExportContextCustomizerFactory$DisableMetricExportContextCustomizer@10815542, org.springframework.boot.test.autoconfigure.properties.PropertyMappingContextCustomizer@0, org.springframework.boot.test.autoconfigure.web.servlet.WebDriverContextCustomizerFactory$Customizer@b25f091, org.springframework.boot.test.context.filter.ExcludeFilterContextCustomizer@14b2752d, org.springframework.boot.test.json.DuplicateJsonObjectContextCustomizerFactory$DuplicateJsonObjectContextCustomizer@55136033, org.springframework.boot.test.mock.mockito.MockitoContextCustomizer@0, org.springframework.boot.test.web.client.TestRestTemplateContextCustomizer@3bd5ef26, org.springframework.boot.test.context.SpringBootTestArgs@1, org.springframework.boot.test.context.SpringBootTestWebEnvironment@4c79b534], resourceBasePath = 'src/main/webapp', contextLoader = 'org.springframework.boot.test.context.SpringBootContextLoader', parent = [null]], attributes = map['org.springframework.test.context.web.ServletTestExecutionListener.activateListener' -> true]], class annotated with @DirtiesContext [false] with mode [null].
10:22:49.691 [Test worker] DEBUG org.springframework.test.context.support.TestPropertySourceUtils - Adding inlined properties to environment: {spring.jmx.enabled=false, org.springframework.boot.test.context.SpringBootTestContextBootstrapper=true}

  .   ____          _            __ _ _
 /\\ / ___'_ __ _ _(_)_ __  __ _ \ \ \ \
( ( )\___ | '_ | '_| | '_ \/ _` | \ \ \ \
 \\/  ___)| |_)| | | | | || (_| |  ) ) ) )
  '  |____| .__|_| |_|_| |_\__, | / / / /
 =========|_|==============|___/=/_/_/_/
 :: Spring Boot ::                (v2.5.4)

2021-12-03 10:22:49.942  INFO 1145 --- [    Test worker] c.b.cicddemo.CiCdDemoApplicationTests    : Starting CiCdDemoApplicationTests using Java 1.8.0_292 on Monishas-MacBook-Pro.local with PID 1145 (started by monisha.rajan in /Users/monisha.rajan/Projects/CircleCIDemo/ci-cd-demo)
2021-12-03 10:22:49.945  INFO 1145 --- [    Test worker] c.b.cicddemo.CiCdDemoApplicationTests    : No active profile set, falling back to default profiles: default
2021-12-03 10:22:51.174  INFO 1145 --- [    Test worker] c.b.cicddemo.CiCdDemoApplicationTests    : Started CiCdDemoApplicationTests in 1.477 seconds (JVM running for 2.445)
]]></system-out>
  <system-err><![CDATA[]]></system-err>
</testsuite>
